{"nbformat":4,"nbformat_minor":0,"metadata":{"colab":{"provenance":[],"authorship_tag":"ABX9TyPOuxdKgVB0YmmaJefGwnR0"},"kernelspec":{"name":"python3","display_name":"Python 3"},"language_info":{"name":"python"}},"cells":[{"cell_type":"code","execution_count":1,"metadata":{"colab":{"base_uri":"https://localhost:8080/"},"id":"S0BBkAzsRW2S","executionInfo":{"status":"ok","timestamp":1709464450649,"user_tz":-330,"elapsed":6795,"user":{"displayName":"Aparna Mullapudi","userId":"02853002963215214607"}},"outputId":"86a456c6-a42c-4a3e-82ff-bd65e73177c4"},"outputs":[{"name":"stdout","output_type":"stream","text":["Enter a city nameChennai\n"]}],"source":["import requests\n","api_key=\"650ec295284b4afc87b60419242802\"\n","city=input(\"Enter a city name\")\n","url=f\"http://api.weatherapi.com/v1/current.json?key={api_key}&q={city}\"\n","response=requests.get(url)\n","data=response.json()\n","if response==200:\n","  print(\"city\",data['location']['name'])\n","  print(\"state\",data['location']['region'])\n","  print(\"country\",data['location']['country'])\n","  print(\"temperature\",data['current']['temp_c'])\n","  print(\"wind direction\",data['current']['wind_dir'])\n","  print(\"wind speed\"),data['current']['wind_mph']\n","  print(\"humidity\"),data['current']['humidity']\n","  print(\"feels like\"),data['current']['feelslike_c']"]},{"cell_type":"code","source":["type (data)"],"metadata":{"colab":{"base_uri":"https://localhost:8080/"},"id":"dB-VLghWVzm4","executionInfo":{"status":"ok","timestamp":1709464454415,"user_tz":-330,"elapsed":404,"user":{"displayName":"Aparna Mullapudi","userId":"02853002963215214607"}},"outputId":"c3e60c2b-7ddf-4efb-fc54-6a9402ad920f"},"execution_count":2,"outputs":[{"output_type":"execute_result","data":{"text/plain":["dict"]},"metadata":{},"execution_count":2}]},{"cell_type":"code","source":["print(\"city\",data['location']['name'])\n","print(\"state\",data['location']['region'])\n","print(\"country\",data['location']['country'])\n","print(\"temperature\",data['current']['temp_c'])\n","print(\"wind direction\",data['current']['wind_dir'])\n","print(\"wind speed\"),data['current']['wind_mph']\n","print(\"humidity\"),data['current']['humidity']\n","print(\"feels like\"),data['current']['feelslike_c']"],"metadata":{"colab":{"base_uri":"https://localhost:8080/"},"id":"XziOrU_qWBZ0","executionInfo":{"status":"ok","timestamp":1709464457463,"user_tz":-330,"elapsed":769,"user":{"displayName":"Aparna Mullapudi","userId":"02853002963215214607"}},"outputId":"ef0f939b-d6b9-4286-f0a4-f9db5f02e6e0"},"execution_count":3,"outputs":[{"output_type":"stream","name":"stdout","text":["city Chennai\n","state Tamil Nadu\n","country India\n","temperature 32.0\n","wind direction SE\n","wind speed\n","humidity\n","feels like\n"]},{"output_type":"execute_result","data":{"text/plain":["(None, 37.3)"]},"metadata":{},"execution_count":3}]},{"cell_type":"code","source":["import requests\n","api_key='650ec295284b4afc87b60419242802'\n","city=input(\"enter city\")\n","url=f\"http://api.weatherapi.com/v1/current.json?key={api_key}&q={city}\"\n","codr=response\n","response=requests.get(url)\n","data=response.json()\n","if response.status_code == 200:\n","  #printing!\n","  print(\"city\",data['location']['name'])\n","  print(\"state\",data['location']['region'])\n","  print(\"country\",data['location']['country'])\n","  print(\"temperature\",data['current']['temp_c'])\n","  print(\"wind direction\",data['current']['wind_dir'])\n","else:\n","  print(data['error']['message'])"],"metadata":{"colab":{"base_uri":"https://localhost:8080/"},"id":"M1wq9O0UbfdN","executionInfo":{"status":"ok","timestamp":1709464514118,"user_tz":-330,"elapsed":6509,"user":{"displayName":"Aparna Mullapudi","userId":"02853002963215214607"}},"outputId":"bea17fb5-9ca2-44f0-906a-ea27258fdc20"},"execution_count":5,"outputs":[{"output_type":"stream","name":"stdout","text":["enter cityChennai\n","city Chennai\n","state Tamil Nadu\n","country India\n","temperature 32.0\n","wind direction SE\n"]}]},{"cell_type":"code","source":["import requests\n","\n","url = \"https://stylinandy-taxee.p.rapidapi.com/v2/federal/%7Byear%7D\"\n","\n","headers = {\n","\t\"Authorization\": \"Bearer eyJ0eXAiOiJKV1QiLCJhbGciOiJIUzI1NiJ9.eyJpc3MiOiJBUElfS0VZX01BTkFHRVIiLCJodHRwOi8vdGF4ZWUuaW8vdXNlcl9pZCI6IjU3Y2IyMWE2YmI4N2MxMDA0NGE2NmE2MiIsImh0dHA6Ly90YXhlZS5pby9zY29wZXMiOlsiYXBpIl0sImlhdCI6MTQ3MzAxODA1OX0.xkn1_LHnLijhYMONl5iXhKD1vsdm0_5AtSKGsPrVtxI\",\n","\t\"X-RapidAPI-Key\": \"d3fa37dcdamsh2216ed6ea642f2dp10863djsnf7272a1ce530\",\n","\t\"X-RapidAPI-Host\": \"stylinandy-taxee.p.rapidapi.com\"\n","}\n","\n","response = requests.get(url, headers=headers)\n","\n","print(response.json())"],"metadata":{"colab":{"base_uri":"https://localhost:8080/","height":408},"id":"379R6Ik9i3fj","executionInfo":{"status":"error","timestamp":1709138241225,"user_tz":-330,"elapsed":406,"user":{"displayName":"Aparna Mullapudi","userId":"02853002963215214607"}},"outputId":"9f5e44a5-48cc-486b-f34c-cd33c908cc45"},"execution_count":null,"outputs":[{"output_type":"error","ename":"JSONDecodeError","evalue":"Expecting value: line 1 column 1 (char 0)","traceback":["\u001b[0;31m---------------------------------------------------------------------------\u001b[0m","\u001b[0;31mJSONDecodeError\u001b[0m                           Traceback (most recent call last)","\u001b[0;32m/usr/local/lib/python3.10/dist-packages/requests/models.py\u001b[0m in \u001b[0;36mjson\u001b[0;34m(self, **kwargs)\u001b[0m\n\u001b[1;32m    970\u001b[0m         \u001b[0;32mtry\u001b[0m\u001b[0;34m:\u001b[0m\u001b[0;34m\u001b[0m\u001b[0;34m\u001b[0m\u001b[0m\n\u001b[0;32m--> 971\u001b[0;31m             \u001b[0;32mreturn\u001b[0m \u001b[0mcomplexjson\u001b[0m\u001b[0;34m.\u001b[0m\u001b[0mloads\u001b[0m\u001b[0;34m(\u001b[0m\u001b[0mself\u001b[0m\u001b[0;34m.\u001b[0m\u001b[0mtext\u001b[0m\u001b[0;34m,\u001b[0m \u001b[0;34m**\u001b[0m\u001b[0mkwargs\u001b[0m\u001b[0;34m)\u001b[0m\u001b[0;34m\u001b[0m\u001b[0;34m\u001b[0m\u001b[0m\n\u001b[0m\u001b[1;32m    972\u001b[0m         \u001b[0;32mexcept\u001b[0m \u001b[0mJSONDecodeError\u001b[0m \u001b[0;32mas\u001b[0m \u001b[0me\u001b[0m\u001b[0;34m:\u001b[0m\u001b[0;34m\u001b[0m\u001b[0;34m\u001b[0m\u001b[0m\n","\u001b[0;32m/usr/lib/python3.10/json/__init__.py\u001b[0m in \u001b[0;36mloads\u001b[0;34m(s, cls, object_hook, parse_float, parse_int, parse_constant, object_pairs_hook, **kw)\u001b[0m\n\u001b[1;32m    345\u001b[0m             parse_constant is None and object_pairs_hook is None and not kw):\n\u001b[0;32m--> 346\u001b[0;31m         \u001b[0;32mreturn\u001b[0m \u001b[0m_default_decoder\u001b[0m\u001b[0;34m.\u001b[0m\u001b[0mdecode\u001b[0m\u001b[0;34m(\u001b[0m\u001b[0ms\u001b[0m\u001b[0;34m)\u001b[0m\u001b[0;34m\u001b[0m\u001b[0;34m\u001b[0m\u001b[0m\n\u001b[0m\u001b[1;32m    347\u001b[0m     \u001b[0;32mif\u001b[0m \u001b[0mcls\u001b[0m \u001b[0;32mis\u001b[0m \u001b[0;32mNone\u001b[0m\u001b[0;34m:\u001b[0m\u001b[0;34m\u001b[0m\u001b[0;34m\u001b[0m\u001b[0m\n","\u001b[0;32m/usr/lib/python3.10/json/decoder.py\u001b[0m in \u001b[0;36mdecode\u001b[0;34m(self, s, _w)\u001b[0m\n\u001b[1;32m    336\u001b[0m         \"\"\"\n\u001b[0;32m--> 337\u001b[0;31m         \u001b[0mobj\u001b[0m\u001b[0;34m,\u001b[0m \u001b[0mend\u001b[0m \u001b[0;34m=\u001b[0m \u001b[0mself\u001b[0m\u001b[0;34m.\u001b[0m\u001b[0mraw_decode\u001b[0m\u001b[0;34m(\u001b[0m\u001b[0ms\u001b[0m\u001b[0;34m,\u001b[0m \u001b[0midx\u001b[0m\u001b[0;34m=\u001b[0m\u001b[0m_w\u001b[0m\u001b[0;34m(\u001b[0m\u001b[0ms\u001b[0m\u001b[0;34m,\u001b[0m \u001b[0;36m0\u001b[0m\u001b[0;34m)\u001b[0m\u001b[0;34m.\u001b[0m\u001b[0mend\u001b[0m\u001b[0;34m(\u001b[0m\u001b[0;34m)\u001b[0m\u001b[0;34m)\u001b[0m\u001b[0;34m\u001b[0m\u001b[0;34m\u001b[0m\u001b[0m\n\u001b[0m\u001b[1;32m    338\u001b[0m         \u001b[0mend\u001b[0m \u001b[0;34m=\u001b[0m \u001b[0m_w\u001b[0m\u001b[0;34m(\u001b[0m\u001b[0ms\u001b[0m\u001b[0;34m,\u001b[0m \u001b[0mend\u001b[0m\u001b[0;34m)\u001b[0m\u001b[0;34m.\u001b[0m\u001b[0mend\u001b[0m\u001b[0;34m(\u001b[0m\u001b[0;34m)\u001b[0m\u001b[0;34m\u001b[0m\u001b[0;34m\u001b[0m\u001b[0m\n","\u001b[0;32m/usr/lib/python3.10/json/decoder.py\u001b[0m in \u001b[0;36mraw_decode\u001b[0;34m(self, s, idx)\u001b[0m\n\u001b[1;32m    354\u001b[0m         \u001b[0;32mexcept\u001b[0m \u001b[0mStopIteration\u001b[0m \u001b[0;32mas\u001b[0m \u001b[0merr\u001b[0m\u001b[0;34m:\u001b[0m\u001b[0;34m\u001b[0m\u001b[0;34m\u001b[0m\u001b[0m\n\u001b[0;32m--> 355\u001b[0;31m             \u001b[0;32mraise\u001b[0m \u001b[0mJSONDecodeError\u001b[0m\u001b[0;34m(\u001b[0m\u001b[0;34m\"Expecting value\"\u001b[0m\u001b[0;34m,\u001b[0m \u001b[0ms\u001b[0m\u001b[0;34m,\u001b[0m \u001b[0merr\u001b[0m\u001b[0;34m.\u001b[0m\u001b[0mvalue\u001b[0m\u001b[0;34m)\u001b[0m \u001b[0;32mfrom\u001b[0m \u001b[0;32mNone\u001b[0m\u001b[0;34m\u001b[0m\u001b[0;34m\u001b[0m\u001b[0m\n\u001b[0m\u001b[1;32m    356\u001b[0m         \u001b[0;32mreturn\u001b[0m \u001b[0mobj\u001b[0m\u001b[0;34m,\u001b[0m \u001b[0mend\u001b[0m\u001b[0;34m\u001b[0m\u001b[0;34m\u001b[0m\u001b[0m\n","\u001b[0;31mJSONDecodeError\u001b[0m: Expecting value: line 1 column 1 (char 0)","\nDuring handling of the above exception, another exception occurred:\n","\u001b[0;31mJSONDecodeError\u001b[0m                           Traceback (most recent call last)","\u001b[0;32m<ipython-input-7-89648e0371cd>\u001b[0m in \u001b[0;36m<cell line: 13>\u001b[0;34m()\u001b[0m\n\u001b[1;32m     11\u001b[0m \u001b[0mresponse\u001b[0m \u001b[0;34m=\u001b[0m \u001b[0mrequests\u001b[0m\u001b[0;34m.\u001b[0m\u001b[0mget\u001b[0m\u001b[0;34m(\u001b[0m\u001b[0murl\u001b[0m\u001b[0;34m,\u001b[0m \u001b[0mheaders\u001b[0m\u001b[0;34m=\u001b[0m\u001b[0mheaders\u001b[0m\u001b[0;34m)\u001b[0m\u001b[0;34m\u001b[0m\u001b[0;34m\u001b[0m\u001b[0m\n\u001b[1;32m     12\u001b[0m \u001b[0;34m\u001b[0m\u001b[0m\n\u001b[0;32m---> 13\u001b[0;31m \u001b[0mprint\u001b[0m\u001b[0;34m(\u001b[0m\u001b[0mresponse\u001b[0m\u001b[0;34m.\u001b[0m\u001b[0mjson\u001b[0m\u001b[0;34m(\u001b[0m\u001b[0;34m)\u001b[0m\u001b[0;34m)\u001b[0m\u001b[0;34m\u001b[0m\u001b[0;34m\u001b[0m\u001b[0m\n\u001b[0m","\u001b[0;32m/usr/local/lib/python3.10/dist-packages/requests/models.py\u001b[0m in \u001b[0;36mjson\u001b[0;34m(self, **kwargs)\u001b[0m\n\u001b[1;32m    973\u001b[0m             \u001b[0;31m# Catch JSON-related errors and raise as requests.JSONDecodeError\u001b[0m\u001b[0;34m\u001b[0m\u001b[0;34m\u001b[0m\u001b[0m\n\u001b[1;32m    974\u001b[0m             \u001b[0;31m# This aliases json.JSONDecodeError and simplejson.JSONDecodeError\u001b[0m\u001b[0;34m\u001b[0m\u001b[0;34m\u001b[0m\u001b[0m\n\u001b[0;32m--> 975\u001b[0;31m             \u001b[0;32mraise\u001b[0m \u001b[0mRequestsJSONDecodeError\u001b[0m\u001b[0;34m(\u001b[0m\u001b[0me\u001b[0m\u001b[0;34m.\u001b[0m\u001b[0mmsg\u001b[0m\u001b[0;34m,\u001b[0m \u001b[0me\u001b[0m\u001b[0;34m.\u001b[0m\u001b[0mdoc\u001b[0m\u001b[0;34m,\u001b[0m \u001b[0me\u001b[0m\u001b[0;34m.\u001b[0m\u001b[0mpos\u001b[0m\u001b[0;34m)\u001b[0m\u001b[0;34m\u001b[0m\u001b[0;34m\u001b[0m\u001b[0m\n\u001b[0m\u001b[1;32m    976\u001b[0m \u001b[0;34m\u001b[0m\u001b[0m\n\u001b[1;32m    977\u001b[0m     \u001b[0;34m@\u001b[0m\u001b[0mproperty\u001b[0m\u001b[0;34m\u001b[0m\u001b[0;34m\u001b[0m\u001b[0m\n","\u001b[0;31mJSONDecodeError\u001b[0m: Expecting value: line 1 column 1 (char 0)"]}]},{"cell_type":"code","source":["import requests\n","\n","url = \"https://stylinandy-taxee.p.rapidapi.com/v2/federal/%7Byear%7D\"\n","\n","headers = {\n","\t\"Authorization\": \"Bearer eyJ0eXAiOiJKV1QiLCJhbGciOiJIUzI1NiJ9.eyJpc3MiOiJBUElfS0VZX01BTkFHRVIiLCJodHRwOi8vdGF4ZWUuaW8vdXNlcl9pZCI6IjU3Y2IyMWE2YmI4N2MxMDA0NGE2NmE2MiIsImh0dHA6Ly90YXhlZS5pby9zY29wZXMiOlsiYXBpIl0sImlhdCI6MTQ3MzAxODA1OX0.xkn1_LHnLijhYMONl5iXhKD1vsdm0_5AtSKGsPrVtxI\",\n","\t\"X-RapidAPI-Key\": \"d3fa37dcdamsh2216ed6ea642f2dp10863djsnf7272a1ce530\",\n","\t\"X-RapidAPI-Host\": \"stylinandy-taxee.p.rapidapi.com\"\n","}\n","\n","response = requests.get(url, headers=headers)\n","\n","print(response.json())"],"metadata":{"colab":{"base_uri":"https://localhost:8080/","height":408},"id":"wpHCaQmhlFXk","executionInfo":{"status":"error","timestamp":1709138285219,"user_tz":-330,"elapsed":1130,"user":{"displayName":"Aparna Mullapudi","userId":"02853002963215214607"}},"outputId":"0c37ee4e-bccf-4398-b1e1-c74a371dca7f"},"execution_count":null,"outputs":[{"output_type":"error","ename":"JSONDecodeError","evalue":"Expecting value: line 1 column 1 (char 0)","traceback":["\u001b[0;31m---------------------------------------------------------------------------\u001b[0m","\u001b[0;31mJSONDecodeError\u001b[0m                           Traceback (most recent call last)","\u001b[0;32m/usr/local/lib/python3.10/dist-packages/requests/models.py\u001b[0m in \u001b[0;36mjson\u001b[0;34m(self, **kwargs)\u001b[0m\n\u001b[1;32m    970\u001b[0m         \u001b[0;32mtry\u001b[0m\u001b[0;34m:\u001b[0m\u001b[0;34m\u001b[0m\u001b[0;34m\u001b[0m\u001b[0m\n\u001b[0;32m--> 971\u001b[0;31m             \u001b[0;32mreturn\u001b[0m \u001b[0mcomplexjson\u001b[0m\u001b[0;34m.\u001b[0m\u001b[0mloads\u001b[0m\u001b[0;34m(\u001b[0m\u001b[0mself\u001b[0m\u001b[0;34m.\u001b[0m\u001b[0mtext\u001b[0m\u001b[0;34m,\u001b[0m \u001b[0;34m**\u001b[0m\u001b[0mkwargs\u001b[0m\u001b[0;34m)\u001b[0m\u001b[0;34m\u001b[0m\u001b[0;34m\u001b[0m\u001b[0m\n\u001b[0m\u001b[1;32m    972\u001b[0m         \u001b[0;32mexcept\u001b[0m \u001b[0mJSONDecodeError\u001b[0m \u001b[0;32mas\u001b[0m \u001b[0me\u001b[0m\u001b[0;34m:\u001b[0m\u001b[0;34m\u001b[0m\u001b[0;34m\u001b[0m\u001b[0m\n","\u001b[0;32m/usr/lib/python3.10/json/__init__.py\u001b[0m in \u001b[0;36mloads\u001b[0;34m(s, cls, object_hook, parse_float, parse_int, parse_constant, object_pairs_hook, **kw)\u001b[0m\n\u001b[1;32m    345\u001b[0m             parse_constant is None and object_pairs_hook is None and not kw):\n\u001b[0;32m--> 346\u001b[0;31m         \u001b[0;32mreturn\u001b[0m \u001b[0m_default_decoder\u001b[0m\u001b[0;34m.\u001b[0m\u001b[0mdecode\u001b[0m\u001b[0;34m(\u001b[0m\u001b[0ms\u001b[0m\u001b[0;34m)\u001b[0m\u001b[0;34m\u001b[0m\u001b[0;34m\u001b[0m\u001b[0m\n\u001b[0m\u001b[1;32m    347\u001b[0m     \u001b[0;32mif\u001b[0m \u001b[0mcls\u001b[0m \u001b[0;32mis\u001b[0m \u001b[0;32mNone\u001b[0m\u001b[0;34m:\u001b[0m\u001b[0;34m\u001b[0m\u001b[0;34m\u001b[0m\u001b[0m\n","\u001b[0;32m/usr/lib/python3.10/json/decoder.py\u001b[0m in \u001b[0;36mdecode\u001b[0;34m(self, s, _w)\u001b[0m\n\u001b[1;32m    336\u001b[0m         \"\"\"\n\u001b[0;32m--> 337\u001b[0;31m         \u001b[0mobj\u001b[0m\u001b[0;34m,\u001b[0m \u001b[0mend\u001b[0m \u001b[0;34m=\u001b[0m \u001b[0mself\u001b[0m\u001b[0;34m.\u001b[0m\u001b[0mraw_decode\u001b[0m\u001b[0;34m(\u001b[0m\u001b[0ms\u001b[0m\u001b[0;34m,\u001b[0m \u001b[0midx\u001b[0m\u001b[0;34m=\u001b[0m\u001b[0m_w\u001b[0m\u001b[0;34m(\u001b[0m\u001b[0ms\u001b[0m\u001b[0;34m,\u001b[0m \u001b[0;36m0\u001b[0m\u001b[0;34m)\u001b[0m\u001b[0;34m.\u001b[0m\u001b[0mend\u001b[0m\u001b[0;34m(\u001b[0m\u001b[0;34m)\u001b[0m\u001b[0;34m)\u001b[0m\u001b[0;34m\u001b[0m\u001b[0;34m\u001b[0m\u001b[0m\n\u001b[0m\u001b[1;32m    338\u001b[0m         \u001b[0mend\u001b[0m \u001b[0;34m=\u001b[0m \u001b[0m_w\u001b[0m\u001b[0;34m(\u001b[0m\u001b[0ms\u001b[0m\u001b[0;34m,\u001b[0m \u001b[0mend\u001b[0m\u001b[0;34m)\u001b[0m\u001b[0;34m.\u001b[0m\u001b[0mend\u001b[0m\u001b[0;34m(\u001b[0m\u001b[0;34m)\u001b[0m\u001b[0;34m\u001b[0m\u001b[0;34m\u001b[0m\u001b[0m\n","\u001b[0;32m/usr/lib/python3.10/json/decoder.py\u001b[0m in \u001b[0;36mraw_decode\u001b[0;34m(self, s, idx)\u001b[0m\n\u001b[1;32m    354\u001b[0m         \u001b[0;32mexcept\u001b[0m \u001b[0mStopIteration\u001b[0m \u001b[0;32mas\u001b[0m \u001b[0merr\u001b[0m\u001b[0;34m:\u001b[0m\u001b[0;34m\u001b[0m\u001b[0;34m\u001b[0m\u001b[0m\n\u001b[0;32m--> 355\u001b[0;31m             \u001b[0;32mraise\u001b[0m \u001b[0mJSONDecodeError\u001b[0m\u001b[0;34m(\u001b[0m\u001b[0;34m\"Expecting value\"\u001b[0m\u001b[0;34m,\u001b[0m \u001b[0ms\u001b[0m\u001b[0;34m,\u001b[0m \u001b[0merr\u001b[0m\u001b[0;34m.\u001b[0m\u001b[0mvalue\u001b[0m\u001b[0;34m)\u001b[0m \u001b[0;32mfrom\u001b[0m \u001b[0;32mNone\u001b[0m\u001b[0;34m\u001b[0m\u001b[0;34m\u001b[0m\u001b[0m\n\u001b[0m\u001b[1;32m    356\u001b[0m         \u001b[0;32mreturn\u001b[0m \u001b[0mobj\u001b[0m\u001b[0;34m,\u001b[0m \u001b[0mend\u001b[0m\u001b[0;34m\u001b[0m\u001b[0;34m\u001b[0m\u001b[0m\n","\u001b[0;31mJSONDecodeError\u001b[0m: Expecting value: line 1 column 1 (char 0)","\nDuring handling of the above exception, another exception occurred:\n","\u001b[0;31mJSONDecodeError\u001b[0m                           Traceback (most recent call last)","\u001b[0;32m<ipython-input-8-89648e0371cd>\u001b[0m in \u001b[0;36m<cell line: 13>\u001b[0;34m()\u001b[0m\n\u001b[1;32m     11\u001b[0m \u001b[0mresponse\u001b[0m \u001b[0;34m=\u001b[0m \u001b[0mrequests\u001b[0m\u001b[0;34m.\u001b[0m\u001b[0mget\u001b[0m\u001b[0;34m(\u001b[0m\u001b[0murl\u001b[0m\u001b[0;34m,\u001b[0m \u001b[0mheaders\u001b[0m\u001b[0;34m=\u001b[0m\u001b[0mheaders\u001b[0m\u001b[0;34m)\u001b[0m\u001b[0;34m\u001b[0m\u001b[0;34m\u001b[0m\u001b[0m\n\u001b[1;32m     12\u001b[0m \u001b[0;34m\u001b[0m\u001b[0m\n\u001b[0;32m---> 13\u001b[0;31m \u001b[0mprint\u001b[0m\u001b[0;34m(\u001b[0m\u001b[0mresponse\u001b[0m\u001b[0;34m.\u001b[0m\u001b[0mjson\u001b[0m\u001b[0;34m(\u001b[0m\u001b[0;34m)\u001b[0m\u001b[0;34m)\u001b[0m\u001b[0;34m\u001b[0m\u001b[0;34m\u001b[0m\u001b[0m\n\u001b[0m","\u001b[0;32m/usr/local/lib/python3.10/dist-packages/requests/models.py\u001b[0m in \u001b[0;36mjson\u001b[0;34m(self, **kwargs)\u001b[0m\n\u001b[1;32m    973\u001b[0m             \u001b[0;31m# Catch JSON-related errors and raise as requests.JSONDecodeError\u001b[0m\u001b[0;34m\u001b[0m\u001b[0;34m\u001b[0m\u001b[0m\n\u001b[1;32m    974\u001b[0m             \u001b[0;31m# This aliases json.JSONDecodeError and simplejson.JSONDecodeError\u001b[0m\u001b[0;34m\u001b[0m\u001b[0;34m\u001b[0m\u001b[0m\n\u001b[0;32m--> 975\u001b[0;31m             \u001b[0;32mraise\u001b[0m \u001b[0mRequestsJSONDecodeError\u001b[0m\u001b[0;34m(\u001b[0m\u001b[0me\u001b[0m\u001b[0;34m.\u001b[0m\u001b[0mmsg\u001b[0m\u001b[0;34m,\u001b[0m \u001b[0me\u001b[0m\u001b[0;34m.\u001b[0m\u001b[0mdoc\u001b[0m\u001b[0;34m,\u001b[0m \u001b[0me\u001b[0m\u001b[0;34m.\u001b[0m\u001b[0mpos\u001b[0m\u001b[0;34m)\u001b[0m\u001b[0;34m\u001b[0m\u001b[0;34m\u001b[0m\u001b[0m\n\u001b[0m\u001b[1;32m    976\u001b[0m \u001b[0;34m\u001b[0m\u001b[0m\n\u001b[1;32m    977\u001b[0m     \u001b[0;34m@\u001b[0m\u001b[0mproperty\u001b[0m\u001b[0;34m\u001b[0m\u001b[0;34m\u001b[0m\u001b[0m\n","\u001b[0;31mJSONDecodeError\u001b[0m: Expecting value: line 1 column 1 (char 0)"]}]},{"cell_type":"code","source":["import requests\n","\n","url = \"https://sales-tax-calculator.p.rapidapi.com/rates\"\n","\n","payload = {\n","\t\"city\": \"Menlo Park\",\n","\t\"state\": \"CA\",\n","\t\"street\": \"1 Hacker Way\",\n","\t\"zip\": \"94025\"\n","}\n","headers = {\n","\t\"content-type\": \"application/json\",\n","\t\"X-RapidAPI-Key\": \"d3fa37dcdamsh2216ed6ea642f2dp10863djsnf7272a1ce530\",\n","\t\"X-RapidAPI-Host\": \"sales-tax-calculator.p.rapidapi.com\"\n","}\n","\n","response = requests.post(url, json=payload, headers=headers)\n","\n","print(response.json())"],"metadata":{"colab":{"base_uri":"https://localhost:8080/"},"id":"sw7NbRUKoOsQ","executionInfo":{"status":"ok","timestamp":1709139100122,"user_tz":-330,"elapsed":1241,"user":{"displayName":"Aparna Mullapudi","userId":"02853002963215214607"}},"outputId":"b94d5e43-9e67-4510-a751-9271ce56e3f4"},"execution_count":null,"outputs":[{"output_type":"stream","name":"stdout","text":["{'tax_on_shipping': False, 'tax_rate': 9.375}\n"]}]}]}